<?xml version="1.0" encoding="UTF-8"?>
<!-- Generated by org.testng.reporters.JUnitReportReporter -->
<testsuite hostname="DESKTOP-CB7OS3J" failures="0" tests="1" name="TestNGBasics.TestAnnotation" time="0.007" errors="0" timestamp="2023-03-07T16:42:52 IST" skipped="0">
  <testcase classname="TestNGBasics.TestAnnotation" name="testA" time="0.007"/>
  <system-out/>
</testsuite> <!-- TestNGBasics.TestAnnotation -->
