<?xml version="1.0" encoding="UTF-8"?>
<!-- Generated by org.testng.reporters.JUnitReportReporter -->
<testsuite hostname="DESKTOP-CB7OS3J" failures="0" tests="1" name="ExtentReportsBasics.ExtentReportsNew2" time="0.018" errors="0" timestamp="2023-03-09T15:37:25 IST" skipped="0">
  <testcase classname="ExtentReportsBasics.ExtentReportsNew2" name="testB" time="0.018"/>
  <system-out/>
</testsuite> <!-- ExtentReportsBasics.ExtentReportsNew2 -->
