<?xml version="1.0" encoding="UTF-8"?>
<!-- Generated by org.testng.reporters.JUnitReportReporter -->
<testsuite hostname="DESKTOP-CB7OS3J" failures="0" tests="1" name="Log4jBasics.Log4jBasics1" time="0.226" errors="0" timestamp="2023-03-10T17:03:01 IST" skipped="0">
  <testcase classname="Log4jBasics.Log4jBasics1" name="loginTC1" time="0.226"/>
  <system-out>
    <![CDATA[1 open chrome browser
2 enter username
3 enter password
4 click login button
5 verify homepage is displayed]]>
  </system-out>
</testsuite> <!-- Log4jBasics.Log4jBasics1 -->
