<?xml version="1.0" encoding="UTF-8"?>
<!-- Generated by org.testng.reporters.JUnitReportReporter -->
<testsuite hostname="DESKTOP-CB7OS3J" failures="0" tests="2" name="TestNGBasics.TestAnnotation2" time="0.018" errors="0" timestamp="2023-03-07T16:42:52 IST" skipped="0">
  <testcase classname="TestNGBasics.TestAnnotation2" name="testA" time="0.016"/>
  <system-out/>
  <testcase classname="TestNGBasics.TestAnnotation2" name="testB" time="0.002"/>
  <system-out/>
</testsuite> <!-- TestNGBasics.TestAnnotation2 -->
