<?xml version="1.0" encoding="UTF-8"?>
<!-- Generated by org.testng.reporters.JUnitReportReporter -->
<testsuite hostname="DESKTOP-CB7OS3J" failures="0" tests="1" name="Log4jBasics.OptimisedLog4jBasics3" time="0.006" errors="0" timestamp="2023-03-10T18:35:38 IST" skipped="0">
  <testcase classname="Log4jBasics.OptimisedLog4jBasics3" name="searchForProduct" time="0.006"/>
  <system-out/>
</testsuite> <!-- Log4jBasics.OptimisedLog4jBasics3 -->
