<?xml version="1.0" encoding="UTF-8"?>
<!-- Generated by org.testng.reporters.JUnitReportReporter -->
<testsuite hostname="DESKTOP-CB7OS3J" failures="0" tests="1" name="ExtentReportsBasics.ExtentReports1" time="0.656" errors="0" timestamp="2023-03-09T15:35:31 IST" skipped="0">
  <testcase classname="ExtentReportsBasics.ExtentReports1" name="testA" time="0.656"/>
  <system-out/>
</testsuite> <!-- ExtentReportsBasics.ExtentReports1 -->
