<?xml version="1.0" encoding="UTF-8"?>
<!-- Generated by org.testng.reporters.JUnitReportReporter -->
<testsuite hostname="DESKTOP-CB7OS3J" failures="0" tests="1" name="Log4jBasics.Log4jBasics2" time="0.184" errors="0" timestamp="2023-03-10T18:21:29 IST" skipped="0">
  <testcase classname="Log4jBasics.Log4jBasics2" name="CreateOrder" time="0.184"/>
  <system-out/>
</testsuite> <!-- Log4jBasics.Log4jBasics2 -->
