<?xml version="1.0" encoding="UTF-8"?>
<!-- Generated by org.testng.reporters.JUnitReportReporter -->
<testsuite hostname="DESKTOP-CB7OS3J" failures="0" tests="2" name="TestNGReports.Reporting" time="0.002" errors="0" timestamp="2023-03-07T18:45:35 IST" skipped="0">
  <testcase classname="TestNGReports.Reporting" name="createorder" time="0.001"/>
  <testcase classname="TestNGReports.Reporting" name="testA" time="0.001"/>
</testsuite> <!-- TestNGReports.Reporting -->
